c:\users\bso11\desktop\jusin\hollow_knight\api_framework\debug\hollowknight.pch
c:\users\bso11\desktop\jusin\hollow_knight\api_framework\debug\vc140.pdb
c:\users\bso11\desktop\jusin\hollow_knight\api_framework\debug\vc140.idb
c:\users\bso11\desktop\jusin\hollow_knight\api_framework\debug\stdafx.obj
c:\users\bso11\desktop\jusin\hollow_knight\api_framework\debug\logo.obj
c:\users\bso11\desktop\jusin\hollow_knight\api_framework\debug\maingame.obj
c:\users\bso11\desktop\jusin\hollow_knight\api_framework\debug\monster.obj
c:\users\bso11\desktop\jusin\hollow_knight\api_framework\debug\mouse.obj
c:\users\bso11\desktop\jusin\hollow_knight\api_framework\debug\mybitmap.obj
c:\users\bso11\desktop\jusin\hollow_knight\api_framework\debug\mybutton.obj
c:\users\bso11\desktop\jusin\hollow_knight\api_framework\debug\editor.obj
c:\users\bso11\desktop\jusin\hollow_knight\api_framework\debug\myimage.obj
c:\users\bso11\desktop\jusin\hollow_knight\api_framework\debug\mymenu.obj
c:\users\bso11\desktop\jusin\hollow_knight\api_framework\debug\mytime.obj
c:\users\bso11\desktop\jusin\hollow_knight\api_framework\debug\obj.obj
c:\users\bso11\desktop\jusin\hollow_knight\api_framework\debug\objmgr.obj
c:\users\bso11\desktop\jusin\hollow_knight\api_framework\debug\pillbug.obj
c:\users\bso11\desktop\jusin\hollow_knight\api_framework\debug\player.obj
c:\users\bso11\desktop\jusin\hollow_knight\api_framework\debug\scene.obj
c:\users\bso11\desktop\jusin\hollow_knight\api_framework\debug\scenemgr.obj
c:\users\bso11\desktop\jusin\hollow_knight\api_framework\debug\screwbullet.obj
c:\users\bso11\desktop\jusin\hollow_knight\api_framework\debug\scrollmgr.obj
c:\users\bso11\desktop\jusin\hollow_knight\api_framework\debug\stage.obj
c:\users\bso11\desktop\jusin\hollow_knight\api_framework\debug\tile.obj
c:\users\bso11\desktop\jusin\hollow_knight\api_framework\debug\api_framework.obj
c:\users\bso11\desktop\jusin\hollow_knight\api_framework\debug\bmpmgr.obj
c:\users\bso11\desktop\jusin\hollow_knight\api_framework\debug\bullet.obj
c:\users\bso11\desktop\jusin\hollow_knight\api_framework\debug\chaser.obj
c:\users\bso11\desktop\jusin\hollow_knight\api_framework\debug\collisionmgr.obj
c:\users\bso11\desktop\jusin\hollow_knight\api_framework\debug\fly.obj
c:\users\bso11\desktop\jusin\hollow_knight\api_framework\debug\guidebullet.obj
c:\users\bso11\desktop\jusin\hollow_knight\api_framework\debug\imagemgr.obj
c:\users\bso11\desktop\jusin\hollow_knight\api_framework\debug\jumper.obj
c:\users\bso11\desktop\jusin\hollow_knight\api_framework\debug\keymgr.obj
c:\users\bso11\desktop\jusin\hollow_knight\api_framework\debug\line.obj
c:\users\bso11\desktop\jusin\hollow_knight\api_framework\debug\linemgr.obj
c:\users\bso11\desktop\jusin\hollow_knight\api_framework\debug\tilemgr.obj
c:\users\bso11\desktop\jusin\hollow_knight\debug\hollowknight.ilk
c:\users\bso11\desktop\jusin\hollow_knight\debug\hollowknight.exe
c:\users\bso11\desktop\jusin\hollow_knight\debug\hollowknight.pdb
c:\users\bso11\desktop\jusin\hollow_knight\api_framework\debug\api_framework.res
c:\users\bso11\desktop\jusin\hollow_knight\api_framework\debug\menupointer.obj
c:\users\bso11\desktop\jusin\hollow_knight\api_framework\debug\myeditor.obj
c:\users\bso11\desktop\jusin\hollow_knight\api_framework\debug\shield.obj
c:\users\bso11\desktop\jusin\hollow_knight\api_framework\debug\player.obj.enc
c:\users\bso11\desktop\jusin\hollow_knight\api_framework\debug\api_framework.pch
c:\users\bso11\desktop\jusin\hollow_knight\api_framework\debug\hollowknight.tlog\cl.command.1.tlog
c:\users\bso11\desktop\jusin\hollow_knight\api_framework\debug\hollowknight.tlog\cl.read.1.tlog
c:\users\bso11\desktop\jusin\hollow_knight\api_framework\debug\hollowknight.tlog\cl.write.1.tlog
c:\users\bso11\desktop\jusin\hollow_knight\api_framework\debug\hollowknight.tlog\link.command.1.tlog
c:\users\bso11\desktop\jusin\hollow_knight\api_framework\debug\hollowknight.tlog\link.read.1.tlog
c:\users\bso11\desktop\jusin\hollow_knight\api_framework\debug\hollowknight.tlog\link.write.1.tlog
c:\users\bso11\desktop\jusin\hollow_knight\api_framework\debug\hollowknight.tlog\rc.command.1.tlog
c:\users\bso11\desktop\jusin\hollow_knight\api_framework\debug\hollowknight.tlog\rc.read.1.tlog
c:\users\bso11\desktop\jusin\hollow_knight\api_framework\debug\hollowknight.tlog\rc.write.1.tlog
